#
# A fatal error has been detected by the Java Runtime Environment:
#
#  EXCEPTION_ACCESS_VIOLATION (0xc0000005) at pc=0x00007ffbac0d26c4, pid=17664, tid=16212
#
# JRE version: OpenJDK Runtime Environment (24.0.1+9) (build 24.0.1+9-30)
# Java VM: OpenJDK 64-Bit Server VM (24.0.1+9-30, mixed mode, sharing, tiered, compressed oops, compressed class ptrs, g1 gc, windows-amd64)
# Problematic frame:
# C  [libasyncProfiler.dll+0x926c4]
#
# No core dump will be written. Minidumps are not enabled by default on client versions of Windows
#
# If you would like to submit a bug report, please visit:
#   https://bugreport.java.com/bugreport/crash.jsp
# The crash happened outside the Java Virtual Machine in native code.
# See problematic frame for where to report the bug.
#

---------------  S U M M A R Y ------------

Command Line: -agentlib:jdwp=transport=dt_socket,address=127.0.0.1:56165,suspend=y,server=n -javaagent:C:\Users\pinna\AppData\Local\JetBrains\IntelliJIdea2025.1\captureAgent\debugger-agent.jar=file:///C:/Users/pinna/AppData/Local/Temp/capture16221514851877143813.props -agentpath:C:\Users\pinna\AppData\Local\Temp\idea_libasyncProfiler_dll_temp_folder3007\libasyncProfiler.dll=version,jfr,event=wall,interval=10ms,cstack=no,file=C:\Users\pinna\IdeaSnapshots\main_2025_06_23_165912.jfr,dbghelppath=C:\Users\pinna\AppData\Local\Temp\idea_dbghelp_dll_temp_folder\dbghelp.dll,log=C:\Users\pinna\AppData\Local\Temp\main_2025_06_23_165912.jfr.log.txt,logLevel=DEBUG -Dkotlinx.coroutines.debug.enable.creation.stack.trace=false -Ddebugger.agent.enable.coroutines=true -Dkotlinx.coroutines.debug.enable.flows.stack.trace=true -Dkotlinx.coroutines.debug.enable.mutable.state.flows.stack.trace=true -Dfile.encoding=UTF-8 -Dsun.stdout.encoding=UTF-8 -Dsun.stderr.encoding=UTF-8 --module-path=C:\Users\pinna\.m2\repository\org\openjfx\javafx-graphics\17.0.6\javafx-graphics-17.0.6-win.jar;C:\Users\pinna\.m2\repository\org\openjfx\javafx-controls\17.0.6\javafx-controls-17.0.6-win.jar;C:\Users\pinna\.m2\repository\org\openjfx\javafx-web\17.0.6\javafx-web-17.0.6-win.jar;C:\Users\pinna\.m2\repository\org\openjfx\javafx-base\17.0.6\javafx-base-17.0.6-win.jar;C:\Users\pinna\.m2\repository\org\slf4j\slf4j-api\1.7.36\slf4j-api-1.7.36.jar;C:\Users\pinna\.m2\repository\org\xerial\sqlite-jdbc\3.45.1.0\sqlite-jdbc-3.45.1.0.jar;C:\Users\pinna\.m2\repository\org\openjfx\javafx-media\17.0.6\javafx-media-17.0.6-win.jar;C:\Users\pinna\Documents\ProgettoIngegneria\ProgettoIngegneria\JavFX_Scene\target\classes;C:\Users\pinna\.m2\repository\org\openjfx\javafx-fxml\17.0.6\javafx-fxml-17.0.6-win.jar -Djdk.module.main=com.univr.javfx_scene com.univr.javfx_scene/com.univr.javfx_scene.PaginaAvvio --module-path C:\Users\pinna\Documents\javafx-sdk-24.0.1\lib --add-modules javafx.controls,javafx.media -Djava.library.path=C:\Users\pinna\Documents\javafx-sdk-24.0.1\bin

Host: AMD Ryzen 5 2600X Six-Core Processor           , 12 cores, 15G,  Windows 10 , 64 bit Build 19041 (10.0.19041.5915)
Time: Mon Jun 23 17:00:13 2025 ora legale Europa occidentale elapsed time: 59.923118 seconds (0d 0h 0m 59s)

---------------  T H R E A D  ---------------

Current thread (0x00000229c111df70):  JavaThread "Attach Listener" daemon [_thread_in_native, id=16212, stack(0x0000006c69200000,0x0000006c69300000) (1024K)]

Stack: [0x0000006c69200000,0x0000006c69300000],  sp=0x0000006c692ff290,  free space=1020k
Native frames: (J=compiled Java code, j=interpreted, Vv=VM code, C=native code)
C  [libasyncProfiler.dll+0x926c4]  (no source info available)
C  [libasyncProfiler.dll+0x92b9b]  (no source info available)
C  [libasyncProfiler.dll+0x917f4]  (no source info available)
C  [libasyncProfiler.dll+0x9206a]  (no source info available)
C  [libasyncProfiler.dll+0x8cc21]  (no source info available)
C  [libasyncProfiler.dll+0x7e5e1]  (no source info available)
C  [libasyncProfiler.dll+0x7d2f8]  (no source info available)
C  [libasyncProfiler.dll+0x7d1e0]  (no source info available)
C  [libasyncProfiler.dll+0x841b9]  (no source info available)
V  [jvm.dll+0x57eff7]  (no source info available)
V  [jvm.dll+0x57fdac]  (no source info available)
V  [jvm.dll+0x14ca17]  (no source info available)
V  [jvm.dll+0x14dfe1]  (no source info available)
V  [jvm.dll+0x42f456]  (no source info available)
V  [jvm.dll+0x87d76b]  (no source info available)
V  [jvm.dll+0x72ee55]  (no source info available)
C  [ucrtbase.dll+0x21bb2]  (no source info available)
C  [KERNEL32.DLL+0x17374]  (no source info available)
C  [ntdll.dll+0x4cc91]  (no source info available)


siginfo: EXCEPTION_ACCESS_VIOLATION (0xc0000005), reading address 0xffffffffffffffff


Registers:
RAX=0x0000000000000010, RBX=0x0000000000000000, RCX=0xffffffffffffffff, RDX=0x007ffb320c300010
RSP=0x0000006c692ff290, RBP=0x00000229d77db348, RSI=0x0000006c692ff400, RDI=0x00000229d77db348
R8 =0x0000000000000042, R9 =0x00000007ffc00840, R10=0x00007ffb32339fb0, R11=0x0000000000000cec
R12=0x0000006c692ff400, R13=0x00000229d7a9a430, R14=0x00000229c111e338, R15=0x00000229c111e338
RIP=0x00007ffbac0d26c4, EFLAGS=0x0000000000010202

XMM[0]=0x0000000000000000 0x0000000000000000
XMM[1]=0x0000000000000000 0x0000000000000000
XMM[2]=0x0000000000000000 0x0000000000000000
XMM[3]=0x0000000000000000 0x0000000000000000
XMM[4]=0x0000000000000000 0x0000000000000000
XMM[5]=0x0000000000000000 0x0000000000000000
XMM[6]=0x0000000000000000 0x0000000000000000
XMM[7]=0x0000000000000000 0x0000000000000000
XMM[8]=0x0000000000000000 0x0000000000000000
XMM[9]=0x0000000000000000 0x0000000000000000
XMM[10]=0x0000000000000000 0x0000000000000000
XMM[11]=0x0000000000000000 0x0000000000000000
XMM[12]=0x0000000000000000 0x0000000000000000
XMM[13]=0x0000000000000000 0x0000000000000000
XMM[14]=0x0000000000000000 0x0000000000000000
XMM[15]=0x0000000000000000 0x0000000000000000
  MXCSR=0x00001fa0


Register to memory mapping:

RAX=0x0000000000000010 is an unknown value
RBX=0x0 is null
RCX=0xffffffffffffffff is an unknown value
RDX=0x007ffb320c300010 is an unknown value
RSP=0x0000006c692ff290 is pointing into the stack for thread: 0x00000229c111df70
RBP=0x00000229d77db348 points into unknown readable memory: 0x00000007ffc00840 | 40 08 c0 ff 07 00 00 00
RSI=0x0000006c692ff400 is pointing into the stack for thread: 0x00000229c111df70
RDI=0x00000229d77db348 points into unknown readable memory: 0x00000007ffc00840 | 40 08 c0 ff 07 00 00 00
R8 =0x0000000000000042 is an unknown value
R9 =0x00000007ffc00840 is an oop: java.lang.Thread 
{0x00000007ffc00840} - klass: 'java/lang/Thread' - flags: 

 - ---- fields (total size 14 words):
 - 'threadLocalRandomProbe' 'I' @12  0 (0x00000000)
 - private volatile 'eetop' 'J' @16  2378730519520 (0x00000229d7633be0)
 - private final 'tid' 'J' @24  3 (0x0000000000000003)
 - 'threadLocalRandomSeed' 'J' @32  0 (0x0000000000000000)
 - injected 'jvmti_thread_state' 'J' @40  2378356087664 (0x00000229c111db70)
 - 'threadLocalRandomSecondarySeed' 'I' @48  0 (0x00000000)
 - injected 'jvmti_VTMS_transition_disable_count' 'I' @52  0 (0x00000000)
 - injected 'jfr_epoch' 'S' @56  0 (0x0000)
 - volatile 'interrupted' 'Z' @58  false (0x00)
 - injected 'jvmti_is_in_VTMS_transition' 'Z' @59  false (0x00)
 - private volatile 'name' 'Ljava/lang/String;' @60  "main"{0x00000007ffa73f08} (0xfff4e7e1)
 - private volatile 'contextClassLoader' 'Ljava/lang/ClassLoader;' @64  a 'jdk/internal/loader/ClassLoaders$AppClassLoader'{0x00000007ffc02798} (0xfff804f3)
 - private final 'holder' 'Ljava/lang/Thread$FieldHolder;' @68  a 'java/lang/Thread$FieldHolder'{0x00000007ffa73f38} (0xfff4e7e7)
 - 'threadLocals' 'Ljava/lang/ThreadLocal$ThreadLocalMap;' @72  a 'java/lang/ThreadLocal$ThreadLocalMap'{0x00000007ffa73f60} (0xfff4e7ec)
 - 'inheritableThreadLocals' 'Ljava/lang/ThreadLocal$ThreadLocalMap;' @76  null (0x00000000)
 - private 'scopedValueBindings' 'Ljava/lang/Object;' @80  a 'java/lang/Class'{0x00000007ffe7c258} = 'java/lang/Thread' (0xfffcf84b)
 - final 'interruptLock' 'Ljava/lang/Object;' @84  a 'java/lang/Object'{0x00000007ffb55e70} (0xfff6abce)
 - private volatile 'parkBlocker' 'Ljava/lang/Object;' @88  a 'java/util/concurrent/CountDownLatch$Sync'{0x00000007ffc00820} (0xfff80104)
 - private 'nioBlocker' 'Lsun/nio/ch/Interruptible;' @92  null (0x00000000)
 - private 'cont' 'Ljdk/internal/vm/Continuation;' @96  null (0x00000000)
 - private volatile 'uncaughtExceptionHandler' 'Ljava/lang/Thread$UncaughtExceptionHandler;' @100  null (0x00000000)
 - private 'container' 'Ljdk/internal/vm/ThreadContainer;' @104  null (0x00000000)
 - private volatile 'headStackableScopes' 'Ljdk/internal/vm/StackableScope;' @108  null (0x00000000)
R10=0x00007ffb32339fb0 jvm.dll
R11=0x0000000000000cec is an unknown value
R12=0x0000006c692ff400 is pointing into the stack for thread: 0x00000229c111df70
R13=0x00000229d7a9a430 points into unknown readable memory: 0x00007ffb322aa510 | 10 a5 2a 32 fb 7f 00 00
R14=0x00000229c111e338 points into unknown readable memory: 0x00007ffb322a17b0 | b0 17 2a 32 fb 7f 00 00
R15=0x00000229c111e338 points into unknown readable memory: 0x00007ffb322a17b0 | b0 17 2a 32 fb 7f 00 00

Top of Stack: (sp=0x0000006c692ff290)
0x0000006c692ff290:   0000006c692ff400 00000229d77db348   ../il...H.}.)...
0x0000006c692ff2a0:   0000000000000000 00000229c111e8e0   ............)...
0x0000006c692ff2b0:   0000000000000040 00007ffbac0d2b9b   @........+......
0x0000006c692ff2c0:   0000000000000000 00000229c111e338   ........8...)...
0x0000006c692ff2d0:   0000006c692ff401 0000000000000000   ../il...........
0x0000006c692ff2e0:   00000229ffec82c0 00007ffbac0d17f4   ....)...........
0x0000006c692ff2f0:   0000000000000000 0000000000000040   ........@.......
0x0000006c692ff300:   0000000000000000 0000000000000040   ........@.......
0x0000006c692ff310:   0000001200000000 0000022a000be650   ........P...*...
0x0000006c692ff320:   00000229ffec82c0 00000229ffec83c0   ....).......)...
0x0000006c692ff330:   00000229ffec8438 0000006c00002dd8   8...)....-..l...
0x0000006c692ff340:   0000000000000000 0000000000000000   ................
0x0000006c692ff350:   0000000000000000 00007ffb31b057d4   .........W.1....
0x0000006c692ff360:   00007ffbac214ca0 0000000000004500   .L!......E......
0x0000006c692ff370:   00007ffbac214ca0 00000000ffffffff   .L!.............
0x0000006c692ff380:   0000000000000000 00007ffbac0d206a   ........j ......
0x0000006c692ff390:   00000229c111e338 0000000000000000   8...)...........
0x0000006c692ff3a0:   0000006c692ff409 00000229d7a9a430   ../il...0...)...
0x0000006c692ff3b0:   00000229ffd0bbb0 00007ffb00000011   ....)...........
0x0000006c692ff3c0:   00000229d5840000 0000022a00155d10   ....)....]..*...
0x0000006c692ff3d0:   00000229c111e338 00007ffbac214ca0   8...)....L!.....
0x0000006c692ff3e0:   0000000000100000 0000000000001000   ................
0x0000006c692ff3f0:   0000006c692ff598 00000229c111e338   ../il...8...)...
0x0000006c692ff400:   00000229d3f48ea0 00000229d3f496a0   ....).......)...
0x0000006c692ff410:   00000229d3f496a0 00007ffbac214ca0   ....)....L!.....
0x0000006c692ff420:   0000006c692ff598 00000229d5670000   ../il.....g.)...
0x0000006c692ff430:   0000006c692ff6d0 0000000000008840   ../il...@.......
0x0000006c692ff440:   0000006c692ff8b0 00007ffbac214cf0   ../il....L!.....
0x0000006c692ff450:   0000000000989680 0000000000989680   ................
0x0000006c692ff460:   0000006c692ff570 00007ffbac0ccc21   p./il...!.......
0x0000006c692ff470:   00007ffbac214ca0 00007ffbac214cf8   .L!......L!.....
0x0000006c692ff480:   00007ffb00000000 00007ffb00000001   ................

Instructions: (pc=0x00007ffbac0d26c4)
  0x00007ffbac0d25c4:   cc cc cc cc cc cc cc cc cc cc cc cc cc cc cc cc
  0x00007ffbac0d25d4:   cc cc cc cc cc cc cc cc cc cc cc cc cc cc cc cc
  0x00007ffbac0d25e4:   cc cc cc cc cc cc cc cc cc cc cc cc cc cc cc cc
  0x00007ffbac0d25f4:   cc cc cc cc cc cc cc cc cc cc cc cc cc cc cc cc
  0x00007ffbac0d2604:   cc cc cc cc cc cc cc cc cc cc cc cc cc cc cc cc
  0x00007ffbac0d2614:   cc cc cc cc cc cc cc cc cc cc cc cc cc cc cc cc
  0x00007ffbac0d2624:   cc cc cc cc cc cc cc cc cc cc cc cc cc cc cc cc
  0x00007ffbac0d2634:   cc cc cc cc cc cc cc cc cc cc cc cc cc cc cc cc
  0x00007ffbac0d2644:   cc cc cc cc cc cc cc cc cc cc cc cc 40 57 48 83
  0x00007ffbac0d2654:   ec 20 48 8b f9 48 8b 0d 10 28 14 00 48 85 c9 74
  0x00007ffbac0d2664:   20 48 8b 01 48 8d 54 24 38 41 b8 06 00 01 00 4c
  0x00007ffbac0d2674:   8b 48 30 41 ff d1 85 c0 75 07 48 8b 4c 24 38 eb
  0x00007ffbac0d2684:   02 33 c9 4c 8b 05 ea 28 14 00 48 89 5c 24 30 4d
  0x00007ffbac0d2694:   85 c0 74 4a 48 8b 01 48 8b d7 4c 8b 88 28 03 00
  0x00007ffbac0d26a4:   00 41 ff d1 48 85 c0 74 35 48 63 0d f8 e6 13 00
  0x00007ffbac0d26b4:   48 8b 14 01 48 85 d2 74 15 48 63 05 fc e6 13 00
=>0x00007ffbac0d26c4:   8b 04 10 48 8b 5c 24 30 48 83 c4 20 5f c3 b8 ff
  0x00007ffbac0d26d4:   ff ff ff 48 8b 5c 24 30 48 83 c4 20 5f c3 80 3d
  0x00007ffbac0d26e4:   9b 27 14 00 00 bb ff ff ff ff 74 20 4c 8b 0d 31
  0x00007ffbac0d26f4:   24 14 00 4c 8d 44 24 38 48 8b 0d 15 24 14 00 48
  0x00007ffbac0d2704:   8b d7 41 ff d1 85 c0 0f 44 5c 24 38 8b c3 48 8b
  0x00007ffbac0d2714:   5c 24 30 48 83 c4 20 5f c3 cc cc cc cc cc cc cc
  0x00007ffbac0d2724:   cc cc cc cc cc cc cc cc cc cc cc cc cc cc cc cc
  0x00007ffbac0d2734:   cc cc cc cc cc cc cc cc cc cc cc cc cc cc cc cc
  0x00007ffbac0d2744:   cc cc cc cc cc cc cc cc cc cc cc cc 48 89 54 24
  0x00007ffbac0d2754:   10 53 55 56 57 41 56 41 57 48 83 ec 28 48 8b f2
  0x00007ffbac0d2764:   4c 8b f1 48 89 4c 24 78 45 33 ff 44 89 7c 24 68
  0x00007ffbac0d2774:   c7 44 24 60 01 00 00 00 48 8d 4c 24 68 e8 ed 42
  0x00007ffbac0d2784:   f7 ff 8b d8 48 8d 4c 24 60 e8 e1 42 f7 ff 8b e8
  0x00007ffbac0d2794:   49 8b ce e8 00 fc f6 ff 48 8b f8 90 8b c3 f0 0f
  0x00007ffbac0d27a4:   b1 2f 74 04 f3 90 eb f4 4c 89 3e 4c 89 7e 08 4c
  0x00007ffbac0d27b4:   89 7e 10 49 8b 6e 08 4d 8b 76 10 49 3b ee 0f 84


Stack slot to memory mapping:

stack at sp + 0 slots: 0x0000006c692ff400 is pointing into the stack for thread: 0x00000229c111df70
stack at sp + 1 slots: 0x00000229d77db348 points into unknown readable memory: 0x00000007ffc00840 | 40 08 c0 ff 07 00 00 00
stack at sp + 2 slots: 0x0 is null
stack at sp + 3 slots: 0x00000229c111e8e0 points into unknown readable memory: 0x6e616c2e6176616a | 6a 61 76 61 2e 6c 61 6e
stack at sp + 4 slots: 0x0000000000000040 is an unknown value
stack at sp + 5 slots: 0x00007ffbac0d2b9b libasyncProfiler.dll
stack at sp + 6 slots: 0x0 is null
stack at sp + 7 slots: 0x00000229c111e338 points into unknown readable memory: 0x00007ffb322a17b0 | b0 17 2a 32 fb 7f 00 00

Lock stack of current Java thread (top to bottom):


---------------  P R O C E S S  ---------------

Threads class SMR info:
_java_thread_list=0x00000229c17c1e10, length=23, elements={
0x00000229d7633be0, 0x00000229d77ca2b0, 0x00000229d77d4180, 0x00000229d77de130,
0x00000229c111df70, 0x00000229c1126cd0, 0x00000229c1149650, 0x00000229c1151810,
0x00000229c1151fa0, 0x00000229c12183c0, 0x00000229c61f9f40, 0x00000229c1753f80,
0x00000229c15d4250, 0x00000229c60a67d0, 0x00000229c6304ba0, 0x00000229c61f11c0,
0x00000229c1af9d90, 0x00000229c1b064e0, 0x00000229c7c7a590, 0x00000229c7c796f0,
0x00000229c7c77260, 0x00000229c7c1d080, 0x00000229ffbd1f80
}

Java Threads: ( => current thread )
  0x00000229d7633be0 JavaThread "main"                              [_thread_blocked, id=5052, stack(0x0000006c68700000,0x0000006c68800000) (1024K)]
  0x00000229d77ca2b0 JavaThread "Reference Handler"          daemon [_thread_blocked, id=12112, stack(0x0000006c68f00000,0x0000006c69000000) (1024K)]
  0x00000229d77d4180 JavaThread "Finalizer"                  daemon [_thread_blocked, id=17580, stack(0x0000006c69000000,0x0000006c69100000) (1024K)]
  0x00000229d77de130 JavaThread "Signal Dispatcher"          daemon [_thread_blocked, id=2784, stack(0x0000006c69100000,0x0000006c69200000) (1024K)]
=>0x00000229c111df70 JavaThread "Attach Listener"            daemon [_thread_in_native, id=16212, stack(0x0000006c69200000,0x0000006c69300000) (1024K)]
  0x00000229c1126cd0 JavaThread "Service Thread"             daemon [_thread_blocked, id=12460, stack(0x0000006c69300000,0x0000006c69400000) (1024K)]
  0x00000229c1149650 JavaThread "Monitor Deflation Thread"   daemon [_thread_blocked, id=15696, stack(0x0000006c69400000,0x0000006c69500000) (1024K)]
  0x00000229c1151810 JavaThread "C2 CompilerThread0"         daemon [_thread_blocked, id=5944, stack(0x0000006c69500000,0x0000006c69600000) (1024K)]
  0x00000229c1151fa0 JavaThread "C1 CompilerThread0"         daemon [_thread_blocked, id=8044, stack(0x0000006c69600000,0x0000006c69700000) (1024K)]
  0x00000229c12183c0 JavaThread "Common-Cleaner"             daemon [_thread_blocked, id=18236, stack(0x0000006c69700000,0x0000006c69800000) (1024K)]
  0x00000229c61f9f40 JavaThread "JDWP Transport Listener: dt_socket" daemon [_thread_blocked, id=3388, stack(0x0000006c69a00000,0x0000006c69b00000) (1024K)]
  0x00000229c1753f80 JavaThread "JDWP Event Helper Thread"   daemon [_thread_blocked, id=5068, stack(0x0000006c69b00000,0x0000006c69c00000) (1024K)]
  0x00000229c15d4250 JavaThread "JDWP Command Reader"        daemon [_thread_in_native, id=12372, stack(0x0000006c69c00000,0x0000006c69d00000) (1024K)]
  0x00000229c60a67d0 JavaThread "IntelliJ Suspend Helper"    daemon [_thread_blocked, id=15172, stack(0x0000006c69d00000,0x0000006c69e00000) (1024K)]
  0x00000229c6304ba0 JavaThread "Notification Thread"        daemon [_thread_blocked, id=13080, stack(0x0000006c69e00000,0x0000006c69f00000) (1024K)]
  0x00000229c61f11c0 JavaThread "QuantumRenderer-0"          daemon [_thread_blocked, id=18928, stack(0x0000006c69f00000,0x0000006c6a000000) (1024K)]
  0x00000229c1af9d90 JavaThread "InvokeLaterDispatcher"      daemon [_thread_blocked, id=12240, stack(0x0000006c6a000000,0x0000006c6a100000) (1024K)]
  0x00000229c1b064e0 JavaThread "JavaFX Application Thread"         [_thread_in_native, id=5768, stack(0x0000006c6a100000,0x0000006c6a200000) (1024K)]
  0x00000229c7c7a590 JavaThread "Thread-1"                   daemon [_thread_in_native, id=11772, stack(0x0000006c6ad00000,0x0000006c6ae00000) (1024K)]
  0x00000229c7c796f0 JavaThread "Prism Font Disposer"        daemon [_thread_blocked, id=18296, stack(0x0000006c6ae00000,0x0000006c6af00000) (1024K)]
  0x00000229c7c77260 JavaThread "JavaFX-Launcher"                   [_thread_blocked, id=12396, stack(0x0000006c6af00000,0x0000006c6b000000) (1024K)]
  0x00000229c7c1d080 JavaThread "Cleaner-0"                  daemon [_thread_blocked, id=12716, stack(0x0000006c6c000000,0x0000006c6c100000) (1024K)]
  0x00000229ffbd1f80 JavaThread "C2 CompilerThread1"         daemon [_thread_blocked, id=11736, stack(0x0000006c6c100000,0x0000006c6c200000) (1024K)]
Total: 23

Other Threads:
  0x00000229d77b8740 VMThread "VM Thread"                           [id=9000, stack(0x0000006c68e00000,0x0000006c68f00000) (1024K)]
  0x00000229c111ca10 WatcherThread "VM Periodic Task Thread"        [id=6824, stack(0x0000006c68d00000,0x0000006c68e00000) (1024K)]
  0x00000229d76a4910 WorkerThread "GC Thread#0"                     [id=5512, stack(0x0000006c68800000,0x0000006c68900000) (1024K)]
  0x00000229d3bec520 WorkerThread "GC Thread#1"                     [id=9308, stack(0x0000006c6b000000,0x0000006c6b100000) (1024K)]
  0x00000229d3beb660 WorkerThread "GC Thread#2"                     [id=17588, stack(0x0000006c6b100000,0x0000006c6b200000) (1024K)]
  0x00000229d3bebdc0 WorkerThread "GC Thread#3"                     [id=17196, stack(0x0000006c6b200000,0x0000006c6b300000) (1024K)]
  0x00000229d3beba10 WorkerThread "GC Thread#4"                     [id=16108, stack(0x0000006c6b300000,0x0000006c6b400000) (1024K)]
  0x00000229d3bec170 WorkerThread "GC Thread#5"                     [id=19420, stack(0x0000006c6b400000,0x0000006c6b500000) (1024K)]
  0x00000229d3bec8d0 WorkerThread "GC Thread#6"                     [id=18548, stack(0x0000006c6b500000,0x0000006c6b600000) (1024K)]
  0x00000229d3beaf00 WorkerThread "GC Thread#7"                     [id=7996, stack(0x0000006c6b600000,0x0000006c6b700000) (1024K)]
  0x00000229d3beb2b0 WorkerThread "GC Thread#8"                     [id=2260, stack(0x0000006c6b700000,0x0000006c6b800000) (1024K)]
  0x00000229d3b33330 WorkerThread "GC Thread#9"                     [id=16828, stack(0x0000006c6b800000,0x0000006c6b900000) (1024K)]
  0x00000229d76b9ad0 ConcurrentGCThread "G1 Main Marker"            [id=18328, stack(0x0000006c68900000,0x0000006c68a00000) (1024K)]
  0x00000229d76ba4f0 WorkerThread "G1 Conc#0"                       [id=3260, stack(0x0000006c68a00000,0x0000006c68b00000) (1024K)]
  0x00000229d454a7c0 WorkerThread "G1 Conc#1"                       [id=3656, stack(0x0000006c69800000,0x0000006c69900000) (1024K)]
  0x00000229d4548df0 WorkerThread "G1 Conc#2"                       [id=17568, stack(0x0000006c69900000,0x0000006c69a00000) (1024K)]
  0x00000229d77996e0 ConcurrentGCThread "G1 Refine#0"               [id=11300, stack(0x0000006c68b00000,0x0000006c68c00000) (1024K)]
  0x00000229d779a170 ConcurrentGCThread "G1 Service"                [id=11572, stack(0x0000006c68c00000,0x0000006c68d00000) (1024K)]
Total: 18

Threads with active compile tasks:
Total: 0

VM state: not at safepoint (normal execution)

VM Mutex/Monitor currently owned by a thread: None

Heap address: 0x0000000701000000, size: 4080 MB, Compressed Oops mode: Zero based, Oop shift amount: 3

CDS archive(s) mapped at: [0x0000022980000000-0x0000022980d40000-0x0000022980d40000), size 13893632, SharedBaseAddress: 0x0000022980000000, ArchiveRelocationMode: 1.
Compressed class space mapped at: 0x0000022981000000-0x00000229c1000000, reserved size: 1073741824
UseCompressedClassPointers 1, UseCompactObjectHeaders 0
Narrow klass pointer bits 32, Max shift 3
Narrow klass base: 0x0000022980000000, Narrow klass shift: 0
Encoding Range: [0x0000022980000000 - 0x0000022a80000000), (4294967296 bytes)
Klass Range:    [0x0000022980000000 - 0x00000229c1000000), (1090519040 bytes)
Klass ID Range:  [8 - 1090519033) (1090519025)

GC Precious Log:
 CardTable entry size: 512
 Card Set container configuration: InlinePtr #cards 4 size 8 Array Of Cards #cards 16 size 48 Howl #buckets 8 coarsen threshold 3686 Howl Bitmap #cards 512 size 80 coarsen threshold 460 Card regions per heap region 1 cards per card region 4096
 CPUs: 12 total, 12 available
 Memory: 16315M
 Large Page Support: Disabled
 NUMA Support: Disabled
 Compressed Oops: Enabled (Zero based)
 Heap Region Size: 2M
 Heap Min Capacity: 8M
 Heap Initial Capacity: 256M
 Heap Max Capacity: 4080M
 Pre-touch: Disabled
 Parallel Workers: 10
 Concurrent Workers: 3
 Concurrent Refinement Workers: 10
 Periodic GC: Disabled

Heap:
 garbage-first heap   total reserved 4177920K, committed 98304K, used 69702K [0x0000000701000000, 0x0000000800000000)
  region size 2048K, 14 young (28672K), 8 survivors (16384K)
 Metaspace       used 22922K, committed 23168K, reserved 1114112K
  class space    used 2655K, committed 2752K, reserved 1048576K

Heap Regions: E=young(eden), S=young(survivor), O=old, HS=humongous(starts), HC=humongous(continues), CS=collection set, F=free, TAMS=top-at-mark-start, PB=parsable bottom
|   0|0x0000000701000000, 0x0000000701200000, 0x0000000701200000|100%|HS|  |TAMS 0x0000000701000000| PB 0x0000000701000000| Complete |  0
|   1|0x0000000701200000, 0x0000000701400000, 0x0000000701400000|100%|HC|  |TAMS 0x0000000701200000| PB 0x0000000701200000| Complete |  0
|   2|0x0000000701400000, 0x0000000701600000, 0x0000000701600000|100%|HC|  |TAMS 0x0000000701400000| PB 0x0000000701400000| Complete |  0
|   3|0x0000000701600000, 0x0000000701800000, 0x0000000701800000|100%|HC|  |TAMS 0x0000000701600000| PB 0x0000000701600000| Complete |  0
|   4|0x0000000701800000, 0x0000000701a00000, 0x0000000701a00000|100%|HS|  |TAMS 0x0000000701800000| PB 0x0000000701800000| Complete |  0
|   5|0x0000000701a00000, 0x0000000701c00000, 0x0000000701c00000|100%|HS|  |TAMS 0x0000000701a00000| PB 0x0000000701a00000| Complete |  0
|   6|0x0000000701c00000, 0x0000000701e00000, 0x0000000701e00000|100%|HC|  |TAMS 0x0000000701c00000| PB 0x0000000701c00000| Complete |  0
|   7|0x0000000701e00000, 0x0000000702000000, 0x0000000702000000|100%|HC|  |TAMS 0x0000000701e00000| PB 0x0000000701e00000| Complete |  0
|   8|0x0000000702000000, 0x0000000702200000, 0x0000000702200000|100%|HS|  |TAMS 0x0000000702000000| PB 0x0000000702000000| Complete |  0
|   9|0x0000000702200000, 0x0000000702400000, 0x0000000702400000|100%|HC|  |TAMS 0x0000000702200000| PB 0x0000000702200000| Complete |  0
|  10|0x0000000702400000, 0x0000000702600000, 0x0000000702600000|100%|HC|  |TAMS 0x0000000702400000| PB 0x0000000702400000| Complete |  0
|  11|0x0000000702600000, 0x0000000702800000, 0x0000000702800000|100%|HC|  |TAMS 0x0000000702600000| PB 0x0000000702600000| Complete |  0
|  12|0x0000000702800000, 0x0000000702a00000, 0x0000000702a00000|100%|HC|  |TAMS 0x0000000702800000| PB 0x0000000702800000| Complete |  0
|  13|0x0000000702a00000, 0x0000000702c00000, 0x0000000702c00000|100%|HC|  |TAMS 0x0000000702a00000| PB 0x0000000702a00000| Complete |  0
|  14|0x0000000702c00000, 0x0000000702e00000, 0x0000000702e00000|100%|HS|  |TAMS 0x0000000702c00000| PB 0x0000000702c00000| Complete |  0
|  15|0x0000000702e00000, 0x0000000703000000, 0x0000000703000000|100%|HS|  |TAMS 0x0000000702e00000| PB 0x0000000702e00000| Complete |  0
|  16|0x0000000703000000, 0x0000000703200000, 0x0000000703200000|100%|HS|  |TAMS 0x0000000703000000| PB 0x0000000703000000| Complete |  0
|  17|0x0000000703200000, 0x0000000703400000, 0x0000000703400000|100%|HS|  |TAMS 0x0000000703200000| PB 0x0000000703200000| Complete |  0
|  18|0x0000000703400000, 0x0000000703600000, 0x0000000703600000|100%|HS|  |TAMS 0x0000000703400000| PB 0x0000000703400000| Complete |  0
|  19|0x0000000703600000, 0x0000000703600000, 0x0000000703800000|  0%| F|  |TAMS 0x0000000703600000| PB 0x0000000703600000| Untracked |  0
|  20|0x0000000703800000, 0x0000000703800000, 0x0000000703a00000|  0%| F|  |TAMS 0x0000000703800000| PB 0x0000000703800000| Untracked |  0
|  21|0x0000000703a00000, 0x0000000703a00000, 0x0000000703c00000|  0%| F|  |TAMS 0x0000000703a00000| PB 0x0000000703a00000| Untracked |  0
|  22|0x0000000703c00000, 0x0000000703c00000, 0x0000000703e00000|  0%| F|  |TAMS 0x0000000703c00000| PB 0x0000000703c00000| Untracked |  0
|  23|0x0000000703e00000, 0x0000000703e00000, 0x0000000704000000|  0%| F|  |TAMS 0x0000000703e00000| PB 0x0000000703e00000| Untracked |  0
|  24|0x0000000704000000, 0x0000000704000000, 0x0000000704200000|  0%| F|  |TAMS 0x0000000704000000| PB 0x0000000704000000| Untracked |  0
|  25|0x0000000704200000, 0x0000000704200000, 0x0000000704400000|  0%| F|  |TAMS 0x0000000704200000| PB 0x0000000704200000| Untracked |  0
|  26|0x0000000704400000, 0x0000000704400000, 0x0000000704600000|  0%| F|  |TAMS 0x0000000704400000| PB 0x0000000704400000| Untracked |  0
|  27|0x0000000704600000, 0x0000000704600000, 0x0000000704800000|  0%| F|  |TAMS 0x0000000704600000| PB 0x0000000704600000| Untracked |  0
|  28|0x0000000704800000, 0x0000000704800000, 0x0000000704a00000|  0%| F|  |TAMS 0x0000000704800000| PB 0x0000000704800000| Untracked |  0
|  29|0x0000000704a00000, 0x0000000704a00000, 0x0000000704c00000|  0%| F|  |TAMS 0x0000000704a00000| PB 0x0000000704a00000| Untracked |  0
|  30|0x0000000704c00000, 0x0000000704e00000, 0x0000000704e00000|100%| S|CS|TAMS 0x0000000704c00000| PB 0x0000000704c00000| Complete |  0
|  31|0x0000000704e00000, 0x0000000705000000, 0x0000000705000000|100%| S|CS|TAMS 0x0000000704e00000| PB 0x0000000704e00000| Complete |  0
|  32|0x0000000705000000, 0x0000000705200000, 0x0000000705200000|100%| S|CS|TAMS 0x0000000705000000| PB 0x0000000705000000| Complete |  0
|  33|0x0000000705200000, 0x0000000705400000, 0x0000000705400000|100%| S|CS|TAMS 0x0000000705200000| PB 0x0000000705200000| Complete |  0
|  34|0x0000000705400000, 0x0000000705600000, 0x0000000705600000|100%| S|CS|TAMS 0x0000000705400000| PB 0x0000000705400000| Complete |  0
|  35|0x0000000705600000, 0x0000000705800000, 0x0000000705800000|100%| S|CS|TAMS 0x0000000705600000| PB 0x0000000705600000| Complete |  0
|  36|0x0000000705800000, 0x0000000705a00000, 0x0000000705a00000|100%| S|CS|TAMS 0x0000000705800000| PB 0x0000000705800000| Complete |  0
|  37|0x0000000705a00000, 0x0000000705aa2da0, 0x0000000705c00000| 31%| S|CS|TAMS 0x0000000705a00000| PB 0x0000000705a00000| Complete |  0
|  92|0x000000070c800000, 0x000000070ca00000, 0x000000070ca00000|100%| E|  |TAMS 0x000000070c800000| PB 0x000000070c800000| Complete |  0
|  93|0x000000070ca00000, 0x000000070cc00000, 0x000000070cc00000|100%| E|CS|TAMS 0x000000070ca00000| PB 0x000000070ca00000| Complete |  0
|  94|0x000000070cc00000, 0x000000070ce00000, 0x000000070ce00000|100%| E|CS|TAMS 0x000000070cc00000| PB 0x000000070cc00000| Complete |  0
|  95|0x000000070ce00000, 0x000000070d000000, 0x000000070d000000|100%| E|CS|TAMS 0x000000070ce00000| PB 0x000000070ce00000| Complete |  0
|  96|0x000000070d000000, 0x000000070d200000, 0x000000070d200000|100%| E|CS|TAMS 0x000000070d000000| PB 0x000000070d000000| Complete |  0
| 127|0x0000000710e00000, 0x0000000711000000, 0x0000000711000000|100%| E|CS|TAMS 0x0000000710e00000| PB 0x0000000710e00000| Complete |  0
|2036|0x00000007ff800000, 0x00000007ff852a40, 0x00000007ffa00000| 16%| O|  |TAMS 0x00000007ff800000| PB 0x00000007ff800000| Untracked |  0
|2037|0x00000007ffa00000, 0x00000007ffc00000, 0x00000007ffc00000|100%| O|  |TAMS 0x00000007ffa00000| PB 0x00000007ffa00000| Untracked |  1
|2038|0x00000007ffc00000, 0x00000007ffe00000, 0x00000007ffe00000|100%| O|  |TAMS 0x00000007ffc00000| PB 0x00000007ffc00000| Untracked |  0
|2039|0x00000007ffe00000, 0x00000007fff1c288, 0x0000000800000000| 55%| O|Cm|TAMS 0x00000007ffe00000| PB 0x00000007ffe00000| Complete |  0

Card table byte_map: [0x00000229f0dd0000,0x00000229f15d0000] _byte_map_base: 0x00000229ed5c8000

Marking Bits: (CMBitMap*) 0x00000229d76a4f30
 Bits: [0x00000229f15d0000, 0x00000229f5590000)

Polling page: 0x00000229d5960000

Metaspace:

Usage:
  Non-class:     19.79 MB used.
      Class:      2.59 MB used.
       Both:     22.38 MB used.

Virtual space:
  Non-class space:       64.00 MB reserved,      19.94 MB ( 31%) committed,  1 nodes.
      Class space:        1.00 GB reserved,       2.69 MB ( <1%) committed,  1 nodes.
             Both:        1.06 GB reserved,      22.62 MB (  2%) committed. 

Chunk freelists:
   Non-Class:  11.81 MB
       Class:  13.20 MB
        Both:  25.02 MB

MaxMetaspaceSize: unlimited
CompressedClassSpaceSize: 1.00 GB
Initial GC threshold: 21.00 MB
Current GC threshold: 35.12 MB
CDS: on
 - commit_granule_bytes: 65536.
 - commit_granule_words: 8192.
 - virtual_space_node_default_size: 8388608.
 - enlarge_chunks_in_place: 1.
UseCompressedClassPointers 1, UseCompactObjectHeaders 0
Narrow klass pointer bits 32, Max shift 3
Narrow klass base: 0x0000022980000000, Narrow klass shift: 0
Encoding Range: [0x0000022980000000 - 0x0000022a80000000), (4294967296 bytes)
Klass Range:    [0x0000022980000000 - 0x00000229c1000000), (1090519040 bytes)
Klass ID Range:  [8 - 1090519033) (1090519025)


Internal statistics:

num_allocs_failed_limit: 3.
num_arena_births: 290.
num_arena_deaths: 0.
num_vsnodes_births: 2.
num_vsnodes_deaths: 0.
num_space_committed: 362.
num_space_uncommitted: 0.
num_chunks_returned_to_freelist: 3.
num_chunks_taken_from_freelist: 910.
num_chunk_merges: 3.
num_chunk_splits: 621.
num_chunks_enlarged: 452.
num_inconsistent_stats: 0.

CodeHeap 'non-profiled nmethods': size=120064Kb used=1400Kb max_used=1400Kb free=118663Kb
 bounds [0x00000229e85e0000, 0x00000229e8850000, 0x00000229efb20000]
CodeHeap 'profiled nmethods': size=120000Kb used=6568Kb max_used=6568Kb free=113431Kb
 bounds [0x00000229e0b20000, 0x00000229e1190000, 0x00000229e8050000]
CodeHeap 'non-nmethods': size=5696Kb used=1754Kb max_used=1989Kb free=3942Kb
 bounds [0x00000229e8050000, 0x00000229e82c0000, 0x00000229e85e0000]
CodeCache: size=245760Kb, used=9722Kb, max_used=9957Kb, free=236036Kb
 total_blobs=4773, nmethods=3917, adapters=761, full_count=0
Compilation: enabled, stopped_count=0, restarted_count=0

Compilation events (20 events):
Event: 59.888 Thread 0x00000229c1151fa0 3918       3       javafx.scene.Node$StyleableProperties$7::isSettable (9 bytes)
Event: 59.888 Thread 0x00000229c1151fa0 nmethod 3918 0x00000229e1188c08 code [0x00000229e1188d40, 0x00000229e11892c8]
Event: 59.888 Thread 0x00000229c1151fa0 3919       3       javafx.scene.Node$StyleableProperties$7::isSettable (33 bytes)
Event: 59.888 Thread 0x00000229c1151fa0 nmethod 3919 0x00000229e1189388 code [0x00000229e11894c0, 0x00000229e1189910]
Event: 59.888 Thread 0x00000229c1151fa0 3902       3       javafx.scene.control.Labeled::lineSpacingProperty (25 bytes)
Event: 59.888 Thread 0x00000229c1151fa0 nmethod 3902 0x00000229e1189988 code [0x00000229e1189ac0, 0x00000229e1189e88]
Event: 59.888 Thread 0x00000229c1151fa0 3907       3       javafx.beans.property.StringPropertyBase::isBound (13 bytes)
Event: 59.889 Thread 0x00000229c1151fa0 nmethod 3907 0x00000229e1189f08 code [0x00000229e118a020, 0x00000229e118a180]
Event: 59.889 Thread 0x00000229c1151810 nmethod 3892 0x00000229e873b788 code [0x00000229e873b8e0, 0x00000229e873bd70]
Event: 59.889 Thread 0x00000229c1151810 3893       4       com.sun.javafx.event.EventHandlerManager::dispatchCapturingEvent (41 bytes)
Event: 59.893 Thread 0x00000229c1151810 nmethod 3893 0x00000229e873be08 code [0x00000229e873bf60, 0x00000229e873c3e8]
Event: 59.893 Thread 0x00000229c1151810 3903       4       com.sun.javafx.css.BitSet::equals (117 bytes)
Event: 59.897 Thread 0x00000229c1151810 nmethod 3903 0x00000229e873c488 code [0x00000229e873c5a0, 0x00000229e873c810]
Event: 59.897 Thread 0x00000229c1151810 3897       4       com.sun.javafx.css.BitSet::retainAll (318 bytes)
Event: 59.899 Thread 0x00000229ffbd1f80 nmethod 3898 0x00000229e873c888 code [0x00000229e873c9e0, 0x00000229e873d3c0]
Event: 59.899 Thread 0x00000229ffbd1f80 3900       4       com.sun.javafx.css.PseudoClassState::hashCode (5 bytes)
Event: 59.902 Thread 0x00000229ffbd1f80 nmethod 3900 0x00000229e873d408 code [0x00000229e873d500, 0x00000229e873d690]
Event: 59.902 Thread 0x00000229ffbd1f80 3905       4       com.sun.javafx.css.PseudoClassState::equals (6 bytes)
Event: 59.904 Thread 0x00000229ffbd1f80 nmethod 3905 0x00000229e873d708 code [0x00000229e873d820, 0x00000229e873da60]
Event: 59.906 Thread 0x00000229c1151810 nmethod 3897 0x00000229e873db08 code [0x00000229e873dc40, 0x00000229e873e230]

GC Heap History (6 events):
Event: 1.185 GC heap before
{Heap before GC invocations=0 (full 0):
 garbage-first heap   total reserved 4177920K, committed 264192K, used 48240K [0x0000000701000000, 0x0000000800000000)
  region size 2048K, 24 young (49152K), 0 survivors (0K)
 Metaspace       used 12510K, committed 12736K, reserved 1114112K
  class space    used 1116K, committed 1216K, reserved 1048576K
}
Event: 1.189 GC heap after
{Heap after GC invocations=1 (full 0):
 garbage-first heap   total reserved 4177920K, committed 264192K, used 5765K [0x0000000701000000, 0x0000000800000000)
  region size 2048K, 3 young (6144K), 3 survivors (6144K)
 Metaspace       used 12510K, committed 12736K, reserved 1114112K
  class space    used 1116K, committed 1216K, reserved 1048576K
}
Event: 3.034 GC heap before
{Heap before GC invocations=1 (full 0):
 garbage-first heap   total reserved 4177920K, committed 264192K, used 71301K [0x0000000701000000, 0x0000000800000000)
  region size 2048K, 31 young (63488K), 3 survivors (6144K)
 Metaspace       used 21210K, committed 21504K, reserved 1114112K
  class space    used 2416K, committed 2496K, reserved 1048576K
}
Event: 3.040 GC heap after
{Heap after GC invocations=2 (full 0):
 garbage-first heap   total reserved 4177920K, committed 264192K, used 20454K [0x0000000701000000, 0x0000000800000000)
  region size 2048K, 5 young (10240K), 5 survivors (10240K)
 Metaspace       used 21210K, committed 21504K, reserved 1114112K
  class space    used 2416K, committed 2496K, reserved 1048576K
}
Event: 4.354 GC heap before
{Heap before GC invocations=3 (full 0):
 garbage-first heap   total reserved 4177920K, committed 75776K, used 71654K [0x0000000701000000, 0x0000000800000000)
  region size 2048K, 17 young (34816K), 5 survivors (10240K)
 Metaspace       used 22691K, committed 22976K, reserved 1114112K
  class space    used 2636K, committed 2752K, reserved 1048576K
}
Event: 4.360 GC heap after
{Heap after GC invocations=4 (full 0):
 garbage-first heap   total reserved 4177920K, committed 98304K, used 59462K [0x0000000701000000, 0x0000000800000000)
  region size 2048K, 8 young (16384K), 8 survivors (16384K)
 Metaspace       used 22691K, committed 22976K, reserved 1114112K
  class space    used 2636K, committed 2752K, reserved 1048576K
}

Dll operation events (20 events):
Event: 0.544 Loaded shared library C:\Users\pinna\.openjfx\cache\17.0.6\api-ms-win-crt-process-l1-1-0.dll
Event: 0.547 Loaded shared library C:\Users\pinna\.openjfx\cache\17.0.6\api-ms-win-crt-runtime-l1-1-0.dll
Event: 0.549 Loaded shared library C:\Users\pinna\.openjfx\cache\17.0.6\api-ms-win-crt-stdio-l1-1-0.dll
Event: 0.552 Loaded shared library C:\Users\pinna\.openjfx\cache\17.0.6\api-ms-win-crt-string-l1-1-0.dll
Event: 0.554 Loaded shared library C:\Users\pinna\.openjfx\cache\17.0.6\api-ms-win-crt-time-l1-1-0.dll
Event: 0.556 Loaded shared library C:\Users\pinna\.openjfx\cache\17.0.6\api-ms-win-crt-utility-l1-1-0.dll
Event: 0.568 Loaded shared library C:\Users\pinna\.openjfx\cache\17.0.6\ucrtbase.dll
Event: 0.572 Loaded shared library C:\Users\pinna\.openjfx\cache\17.0.6\vcruntime140.dll
Event: 0.575 Loaded shared library C:\Users\pinna\.openjfx\cache\17.0.6\vcruntime140_1.dll
Event: 0.582 Loaded shared library C:\Users\pinna\.openjfx\cache\17.0.6\msvcp140.dll
Event: 0.585 Loaded shared library C:\Users\pinna\.openjfx\cache\17.0.6\msvcp140_1.dll
Event: 0.589 Loaded shared library C:\Users\pinna\.openjfx\cache\17.0.6\msvcp140_2.dll
Event: 0.626 Loaded shared library C:\Users\pinna\.openjfx\cache\17.0.6\prism_d3d.dll
Event: 0.685 Loaded shared library C:\Users\pinna\.openjfx\cache\17.0.6\glass.dll
Event: 0.817 Loaded shared library C:\Users\pinna\.openjfx\cache\17.0.6\javafx_font.dll
Event: 0.916 Loaded shared library C:\Users\pinna\.jdks\openjdk-24.0.1\bin\jimage.dll
Event: 2.862 Loaded shared library C:\Users\pinna\.jdks\openjdk-24.0.1\bin\verify.dll
Event: 3.026 Loaded shared library C:\Users\pinna\AppData\Local\Temp\sqlite-3.45.1.0-4b3e58e8-00b5-4ca6-9893-99b314d17d29-sqlitejdbc.dll
Event: 3.109 Loaded shared library C:\Users\pinna\.openjfx\cache\17.0.6\javafx_iio.dll
Event: 59.883 Loaded shared library C:\Users\pinna\AppData\Local\Temp\idea_libasyncProfiler_dll_temp_folder3007\libasyncProfiler.dll

Deoptimization events (20 events):
Event: 21.732 Thread 0x00000229c1b064e0 DEOPT PACKING pc=0x00000229e1114cdc sp=0x0000006c6a1fdf90
Event: 21.732 Thread 0x00000229c1b064e0 DEOPT UNPACKING pc=0x00000229e80a5722 sp=0x0000006c6a1fd450 mode 1
Event: 21.732 Thread 0x00000229c1b064e0 DEOPT PACKING pc=0x00000229e1100f8c sp=0x0000006c6a1fe000
Event: 21.732 Thread 0x00000229c1b064e0 DEOPT UNPACKING pc=0x00000229e80a5722 sp=0x0000006c6a1fd488 mode 1
Event: 21.732 Thread 0x00000229c1b064e0 DEOPT PACKING pc=0x00000229e1114cdc sp=0x0000006c6a1fe060
Event: 21.732 Thread 0x00000229c1b064e0 DEOPT UNPACKING pc=0x00000229e80a5722 sp=0x0000006c6a1fd520 mode 1
Event: 21.732 Thread 0x00000229c1b064e0 DEOPT PACKING pc=0x00000229e1100f8c sp=0x0000006c6a1fe0d0
Event: 21.732 Thread 0x00000229c1b064e0 DEOPT UNPACKING pc=0x00000229e80a5722 sp=0x0000006c6a1fd558 mode 1
Event: 21.732 Thread 0x00000229c1b064e0 DEOPT PACKING pc=0x00000229e1114cdc sp=0x0000006c6a1fe130
Event: 21.732 Thread 0x00000229c1b064e0 DEOPT UNPACKING pc=0x00000229e80a5722 sp=0x0000006c6a1fd5f0 mode 1
Event: 21.732 Thread 0x00000229c1b064e0 DEOPT PACKING pc=0x00000229e1100f8c sp=0x0000006c6a1fe1a0
Event: 21.732 Thread 0x00000229c1b064e0 DEOPT UNPACKING pc=0x00000229e80a5722 sp=0x0000006c6a1fd628 mode 1
Event: 21.732 Thread 0x00000229c1b064e0 DEOPT PACKING pc=0x00000229e112345c sp=0x0000006c6a1fe200
Event: 21.732 Thread 0x00000229c1b064e0 DEOPT UNPACKING pc=0x00000229e80a5722 sp=0x0000006c6a1fd700 mode 1
Event: 21.732 Thread 0x00000229c1b064e0 DEOPT PACKING pc=0x00000229e112252c sp=0x0000006c6a1fe330
Event: 21.732 Thread 0x00000229c1b064e0 DEOPT UNPACKING pc=0x00000229e80a5722 sp=0x0000006c6a1fd7f8 mode 1
Event: 21.732 Thread 0x00000229c1b064e0 DEOPT PACKING pc=0x00000229e0f75b9c sp=0x0000006c6a1fe7e0
Event: 21.732 Thread 0x00000229c1b064e0 DEOPT UNPACKING pc=0x00000229e80a5722 sp=0x0000006c6a1fdc80 mode 1
Event: 21.732 Thread 0x00000229c1b064e0 DEOPT PACKING pc=0x00000229e112b25c sp=0x0000006c6a1fe900
Event: 21.732 Thread 0x00000229c1b064e0 DEOPT UNPACKING pc=0x00000229e80a5722 sp=0x0000006c6a1fddf0 mode 1

Classes loaded (20 events):
Event: 3.416 Loading class java/lang/FdLibm$Acos
Event: 3.416 Loading class java/lang/FdLibm$Acos done
Event: 4.338 Loading class javafx/scene/Scene$ClickCounter
Event: 4.338 Loading class javafx/scene/Scene$ClickCounter done
Event: 4.338 Loading class javafx/event/Event
Event: 4.338 Loading class javafx/event/Event done
Event: 4.338 Loading class javafx/event/ActionEvent
Event: 4.338 Loading class javafx/event/ActionEvent done
Event: 4.338 Loading class javafx/event/ActionEvent
Event: 4.338 Loading class javafx/event/ActionEvent done
Event: 4.754 Loading class com/intellij/rt/debugger/BatchEvaluatorServer
Event: 4.754 Loading class com/intellij/rt/debugger/BatchEvaluatorServer done
Event: 4.754 Loading class jdk/internal/loader/URLClassPath$JarLoader$1
Event: 4.754 Loading class jdk/internal/loader/URLClassPath$JarLoader$1 done
Event: 4.755 Loading class java/io/DataOutputStream
Event: 4.755 Loading class java/io/DataOutputStream done
Event: 21.733 Loading class com/intellij/rt/debugger/agent/CaptureStorage$8
Event: 21.733 Loading class com/intellij/rt/debugger/agent/CaptureStorage$8 done
Event: 59.871 Loading class kotlinx/coroutines/debug/internal/DebugProbesImpl
Event: 59.871 Loading class kotlinx/coroutines/debug/internal/DebugProbesImpl done

Classes unloaded (0 events):
No events

Classes redefined (1 events):
Event: 0.292 Thread 0x00000229d77b8740 redefined class name=java.lang.Throwable, count=1

Internal exceptions (20 events):
Event: 1.763 Thread 0x00000229c1b064e0 Exception <a 'java/lang/NoSuchMethodError'{0x000000070e98cd70}: 'int java.lang.invoke.DirectMethodHandle$Holder.invokeSpecial(java.lang.Object, java.lang.Object, int)'> (0x000000070e98cd70) 
thrown [s\open\src\hotspot\share\interpreter\linkResolver.cpp, line 805]
Event: 1.778 Thread 0x00000229c1b064e0 Exception <a 'java/lang/NoSuchMethodError'{0x000000070e621530}: 'java.lang.Object java.lang.invoke.DirectMethodHandle$Holder.newInvokeSpecial(java.lang.Object, java.lang.Object, int)'> (0x000000070e621530) 
thrown [s\open\src\hotspot\share\interpreter\linkResolver.cpp, line 805]
Event: 1.805 Thread 0x00000229c61f11c0 Exception <a 'java/lang/NoSuchMethodError'{0x000000070e423048}: 'int java.lang.invoke.DirectMethodHandle$Holder.invokeStaticInit(java.lang.Object, java.lang.Object)'> (0x000000070e423048) 
thrown [s\open\src\hotspot\share\interpreter\linkResolver.cpp, line 805]
Event: 1.811 Thread 0x00000229c1b064e0 Exception <a 'java/lang/NoSuchMethodError'{0x000000070e50ee28}: 'long java.lang.invoke.DirectMethodHandle$Holder.invokeStaticInit(java.lang.Object, java.lang.Object, java.lang.Object)'> (0x000000070e50ee28) 
thrown [s\open\src\hotspot\share\interpreter\linkResolver.cpp, line 805]
Event: 1.815 Thread 0x00000229c1b064e0 Exception <a 'java/lang/NoSuchMethodError'{0x000000070e559df8}: 'java.lang.Object java.lang.invoke.DirectMethodHandle$Holder.newInvokeSpecial(java.lang.Object, java.lang.Object, long)'> (0x000000070e559df8) 
thrown [s\open\src\hotspot\share\interpreter\linkResolver.cpp, line 805]
Event: 1.815 Thread 0x00000229c1b064e0 Exception <a 'java/lang/NoSuchMethodError'{0x000000070e562a60}: 'java.lang.Object java.lang.invoke.Invokers$Holder.linkToTargetMethod(java.lang.Object, long, java.lang.Object)'> (0x000000070e562a60) 
thrown [s\open\src\hotspot\share\interpreter\linkResolver.cpp, line 805]
Event: 1.825 Thread 0x00000229c61f11c0 Exception <a 'java/lang/NoSuchMethodError'{0x000000070e5fccd0}: 'java.lang.Object java.lang.invoke.DirectMethodHandle$Holder.invokeStaticInit(java.lang.Object, int)'> (0x000000070e5fccd0) 
thrown [s\open\src\hotspot\share\interpreter\linkResolver.cpp, line 805]
Event: 2.864 Thread 0x00000229c1b064e0 Exception <a 'sun/nio/fs/WindowsException'{0x000000070d689d50}> (0x000000070d689d50) 
thrown [s\open\src\hotspot\share\prims\jni.cpp, line 518]
Event: 2.865 Thread 0x00000229c1b064e0 Exception <a 'java/lang/NoClassDefFoundError'{0x000000070d68b120}: org/slf4j/impl/StaticLoggerBinder> (0x000000070d68b120) 
thrown [s\open\src\hotspot\share\classfile\systemDictionary.cpp, line 316]
Event: 2.866 Thread 0x00000229c1b064e0 Exception <a 'sun/nio/fs/WindowsException'{0x000000070d6a0c88}> (0x000000070d6a0c88) 
thrown [s\open\src\hotspot\share\prims\jni.cpp, line 518]
Event: 2.908 Thread 0x00000229c1b064e0 Exception <a 'sun/nio/fs/WindowsException'{0x000000070d591120}> (0x000000070d591120) 
thrown [s\open\src\hotspot\share\prims\jni.cpp, line 518]
Event: 2.912 Thread 0x00000229c1b064e0 Exception <a 'sun/nio/fs/WindowsException'{0x000000070d5c3a98}> (0x000000070d5c3a98) 
thrown [s\open\src\hotspot\share\prims\jni.cpp, line 518]
Event: 2.913 Thread 0x00000229c1b064e0 Exception <a 'sun/nio/fs/WindowsException'{0x000000070d5cb838}> (0x000000070d5cb838) 
thrown [s\open\src\hotspot\share\prims\jni.cpp, line 518]
Event: 2.913 Thread 0x00000229c1b064e0 Exception <a 'sun/nio/fs/WindowsException'{0x000000070d5ccc28}> (0x000000070d5ccc28) 
thrown [s\open\src\hotspot\share\prims\jni.cpp, line 518]
Event: 3.050 Thread 0x00000229c1b064e0 Exception <a 'java/lang/NoSuchMethodError'{0x0000000710e75d28}: 'java.lang.Object java.lang.invoke.DirectMethodHandle$Holder.invokeSpecial(java.lang.Object, java.lang.Object, int, java.lang.Object, long)'> (0x0000000710e75d28) 
thrown [s\open\src\hotspot\share\interpreter\linkResolver.cpp, line 805]
Event: 3.106 Thread 0x00000229c1b064e0 Exception <a 'java/io/IOException'{0x00000007049e6050}> (0x00000007049e6050) 
thrown [s\open\src\hotspot\share\prims\jni.cpp, line 518]
Event: 3.363 Thread 0x00000229c1b064e0 Implicit null exception at 0x00000229e86f8992 to 0x00000229e86f925c
Event: 21.732 Thread 0x00000229c1b064e0 Exception <a 'java/lang/NullPointerException'{0x000000070cc880b8}> (0x000000070cc880b8) 
thrown [s\open\src\hotspot\share\interpreter\linkResolver.cpp, line 1417]
Event: 33.999 Thread 0x00000229c1b064e0 Exception <a 'java/lang/NullPointerException'{0x000000070cadd8f0}> (0x000000070cadd8f0) 
thrown [s\open\src\hotspot\share\interpreter\linkResolver.cpp, line 1417]
Event: 59.880 Thread 0x00000229c1b064e0 Exception <a 'java/lang/NullPointerException'{0x000000070c832f78}> (0x000000070c832f78) 
thrown [s\open\src\hotspot\share\interpreter\linkResolver.cpp, line 1417]

VM Operations (20 events):
Event: 58.738 Executing VM operation: ChangeSingleStep
Event: 58.738 Executing VM operation: ChangeSingleStep done
Event: 58.754 Executing VM operation: ChangeSingleStep
Event: 58.754 Executing VM operation: ChangeSingleStep done
Event: 58.754 Executing VM operation: ChangeSingleStep
Event: 58.754 Executing VM operation: ChangeSingleStep done
Event: 58.754 Executing VM operation: ChangeSingleStep
Event: 58.754 Executing VM operation: ChangeSingleStep done
Event: 58.754 Executing VM operation: ChangeSingleStep
Event: 58.754 Executing VM operation: ChangeSingleStep done
Event: 58.754 Executing VM operation: ChangeSingleStep
Event: 58.754 Executing VM operation: ChangeSingleStep done
Event: 58.922 Executing VM operation: get/set locals
Event: 58.922 Executing VM operation: get/set locals done
Event: 58.924 Executing VM operation: get/set locals
Event: 58.924 Executing VM operation: get/set locals done
Event: 58.924 Executing VM operation: get/set locals
Event: 58.924 Executing VM operation: get/set locals done
Event: 59.873 Executing VM operation: ChangeBreakpoints
Event: 59.874 Executing VM operation: ChangeBreakpoints done

Memory protections (0 events):
No events

Nmethod flushes (0 events):
No events

Events (20 events):
Event: 0.236 Thread 0x00000229d7633be0 Thread added: 0x00000229c1753f80
Event: 0.237 Thread 0x00000229c61f9f40 Thread added: 0x00000229c15d4250
Event: 0.298 Thread 0x00000229d7633be0 Thread added: 0x00000229c60a67d0
Event: 0.304 Thread 0x00000229d7633be0 Thread added: 0x00000229c6304ba0
Event: 0.618 Thread 0x00000229d7633be0 Thread added: 0x00000229c61f11c0
Event: 0.689 Thread 0x00000229d7633be0 Thread added: 0x00000229c1af9d90
Event: 0.694 Thread 0x00000229d7633be0 Thread added: 0x00000229c1b064e0
Event: 0.817 Thread 0x00000229c7c7a590 Thread added: 0x00000229c7c7a590
Event: 0.867 Thread 0x00000229d7633be0 Thread added: 0x00000229c7c796f0
Event: 0.892 Thread 0x00000229d7633be0 Thread added: 0x00000229c7c77260
Event: 1.875 Thread 0x00000229c61f11c0 Thread added: 0x00000229c7c1d080
Event: 2.066 Thread 0x00000229c13a42c0 Thread exited: 0x00000229c13a42c0
Event: 2.146 Thread 0x00000229c12c23f0 Thread exited: 0x00000229c12c23f0
Event: 3.246 Thread 0x00000229c1151810 Thread added: 0x00000229ffbd1f80
Event: 3.246 Thread 0x00000229c1151810 Thread added: 0x00000229ffbd90f0
Event: 3.671 Thread 0x00000229ffbd90f0 Thread exited: 0x00000229ffbd90f0
Event: 4.337 Thread 0x00000229ffbd1f80 Thread exited: 0x00000229ffbd1f80
Event: 4.364 Thread 0x00000229c1151fa0 Thread added: 0x00000229ffbd1f80
Event: 5.842 Thread 0x00000229ffbd1f80 Thread exited: 0x00000229ffbd1f80
Event: 59.885 Thread 0x00000229c1151fa0 Thread added: 0x00000229ffbd1f80


Dynamic libraries:
0x00007ff7e5510000 - 0x00007ff7e551e000 	C:\Users\pinna\.jdks\openjdk-24.0.1\bin\java.exe
0x00007ffbe3890000 - 0x00007ffbe3a88000 	C:\Windows\SYSTEM32\ntdll.dll
0x00007ffbe22b0000 - 0x00007ffbe2372000 	C:\Windows\System32\KERNEL32.DLL
0x00007ffbe1000000 - 0x00007ffbe12f6000 	C:\Windows\System32\KERNELBASE.dll
0x00007ffbe1350000 - 0x00007ffbe1450000 	C:\Windows\System32\ucrtbase.dll
0x00007ffbd6640000 - 0x00007ffbd665b000 	C:\Users\pinna\.jdks\openjdk-24.0.1\bin\VCRUNTIME140.dll
0x00007ffbdca00000 - 0x00007ffbdca16000 	C:\Users\pinna\.jdks\openjdk-24.0.1\bin\jli.dll
0x00007ffbe32c0000 - 0x00007ffbe345d000 	C:\Windows\System32\USER32.dll
0x00007ffbdaa80000 - 0x00007ffbdad1a000 	C:\Windows\WinSxS\amd64_microsoft.windows.common-controls_6595b64144ccf1df_6.0.19041.5915_none_60b4b9d171f9c7c7\COMCTL32.dll
0x00007ffbe0f20000 - 0x00007ffbe0f42000 	C:\Windows\System32\win32u.dll
0x00007ffbe2390000 - 0x00007ffbe242e000 	C:\Windows\System32\msvcrt.dll
0x00007ffbe24f0000 - 0x00007ffbe251b000 	C:\Windows\System32\GDI32.dll
0x00007ffbe14e0000 - 0x00007ffbe15f9000 	C:\Windows\System32\gdi32full.dll
0x00007ffbe1680000 - 0x00007ffbe171d000 	C:\Windows\System32\msvcp_win.dll
0x00007ffbe3540000 - 0x00007ffbe356f000 	C:\Windows\System32\IMM32.DLL
0x00007ffbde0f0000 - 0x00007ffbde0fc000 	C:\Users\pinna\.jdks\openjdk-24.0.1\bin\vcruntime140_1.dll
0x00007ffbbb1d0000 - 0x00007ffbbb25e000 	C:\Users\pinna\.jdks\openjdk-24.0.1\bin\msvcp140.dll
0x00007ffb31670000 - 0x00007ffb32412000 	C:\Users\pinna\.jdks\openjdk-24.0.1\bin\server\jvm.dll
0x00007ffbe2430000 - 0x00007ffbe24e1000 	C:\Windows\System32\ADVAPI32.dll
0x00007ffbe1cc0000 - 0x00007ffbe1d5f000 	C:\Windows\System32\sechost.dll
0x00007ffbe3570000 - 0x00007ffbe3693000 	C:\Windows\System32\RPCRT4.dll
0x00007ffbe1720000 - 0x00007ffbe1747000 	C:\Windows\System32\bcrypt.dll
0x00007ffbe2520000 - 0x00007ffbe258b000 	C:\Windows\System32\WS2_32.dll
0x00007ffbe08b0000 - 0x00007ffbe08fb000 	C:\Windows\SYSTEM32\POWRPROF.dll
0x00007ffbd1c60000 - 0x00007ffbd1c87000 	C:\Windows\SYSTEM32\WINMM.dll
0x00007ffbd6ea0000 - 0x00007ffbd6eaa000 	C:\Windows\SYSTEM32\VERSION.dll
0x00007ffbe0860000 - 0x00007ffbe0872000 	C:\Windows\SYSTEM32\UMPDC.dll
0x00007ffbdf760000 - 0x00007ffbdf772000 	C:\Windows\SYSTEM32\kernel.appcore.dll
0x00007ffbd6630000 - 0x00007ffbd663a000 	C:\Users\pinna\.jdks\openjdk-24.0.1\bin\jimage.dll
0x00007ffbdf3b0000 - 0x00007ffbdf5b1000 	C:\Windows\SYSTEM32\DBGHELP.DLL
0x00007ffbd3780000 - 0x00007ffbd37b4000 	C:\Windows\SYSTEM32\dbgcore.DLL
0x00007ffbe1450000 - 0x00007ffbe14d2000 	C:\Windows\System32\bcryptPrimitives.dll
0x00007ffbbb010000 - 0x00007ffbbb04c000 	C:\Users\pinna\.jdks\openjdk-24.0.1\bin\jdwp.dll
0x00007ffbceeb0000 - 0x00007ffbceebf000 	C:\Users\pinna\.jdks\openjdk-24.0.1\bin\instrument.dll
0x00007ffbd6610000 - 0x00007ffbd662e000 	C:\Users\pinna\.jdks\openjdk-24.0.1\bin\java.dll
0x00007ffbe2740000 - 0x00007ffbe286b000 	C:\Windows\System32\ole32.dll
0x00007ffbe1960000 - 0x00007ffbe1cb3000 	C:\Windows\System32\combase.dll
0x00007ffbe2870000 - 0x00007ffbe2fde000 	C:\Windows\System32\SHELL32.dll
0x00007ffbac040000 - 0x00007ffbac238000 	C:\Users\pinna\AppData\Local\Temp\idea_libasyncProfiler_dll_temp_folder3007\libasyncProfiler.dll
0x00007ffbc0440000 - 0x00007ffbc0457000 	C:\Users\pinna\.jdks\openjdk-24.0.1\bin\zip.dll
0x00007ffbdeb40000 - 0x00007ffbdf2e4000 	C:\Windows\SYSTEM32\windows.storage.dll
0x00007ffbe0950000 - 0x00007ffbe097b000 	C:\Windows\SYSTEM32\Wldp.dll
0x00007ffbe36a0000 - 0x00007ffbe376d000 	C:\Windows\System32\OLEAUT32.dll
0x00007ffbe2600000 - 0x00007ffbe26ad000 	C:\Windows\System32\SHCORE.dll
0x00007ffbe25a0000 - 0x00007ffbe25fb000 	C:\Windows\System32\shlwapi.dll
0x00007ffbe0e50000 - 0x00007ffbe0e75000 	C:\Windows\SYSTEM32\profapi.dll
0x00007ffbae860000 - 0x00007ffbae937000 	C:\Users\pinna\.jdks\openjdk-24.0.1\bin\jsvml.dll
0x00007ffbce0f0000 - 0x00007ffbce100000 	C:\Users\pinna\.jdks\openjdk-24.0.1\bin\net.dll
0x00007ffbe0640000 - 0x00007ffbe06aa000 	C:\Windows\system32\mswsock.dll
0x00007ffbbb1b0000 - 0x00007ffbbb1c6000 	C:\Users\pinna\.jdks\openjdk-24.0.1\bin\nio.dll
0x00007ffbc38c0000 - 0x00007ffbc38cc000 	C:\Users\pinna\.jdks\openjdk-24.0.1\bin\dt_socket.dll
0x00007ffbe0320000 - 0x00007ffbe035b000 	C:\Windows\SYSTEM32\IPHLPAPI.DLL
0x00000229c1e30000 - 0x00000229c1e33000 	C:\Users\pinna\.openjfx\cache\17.0.6\api-ms-win-core-console-l1-1-0.dll
0x00000229c1fa0000 - 0x00000229c1fa3000 	C:\Users\pinna\.openjfx\cache\17.0.6\api-ms-win-core-console-l1-2-0.dll
0x00000229c1e40000 - 0x00000229c1e43000 	C:\Users\pinna\.openjfx\cache\17.0.6\api-ms-win-core-datetime-l1-1-0.dll
0x00000229c1e50000 - 0x00000229c1e53000 	C:\Users\pinna\.openjfx\cache\17.0.6\api-ms-win-core-debug-l1-1-0.dll
0x00000229c1e60000 - 0x00000229c1e63000 	C:\Users\pinna\.openjfx\cache\17.0.6\api-ms-win-core-errorhandling-l1-1-0.dll
0x00000229c1e70000 - 0x00000229c1e74000 	C:\Users\pinna\.openjfx\cache\17.0.6\api-ms-win-core-file-l1-1-0.dll
0x00000229c1e80000 - 0x00000229c1e83000 	C:\Users\pinna\.openjfx\cache\17.0.6\api-ms-win-core-file-l1-2-0.dll
0x00000229c1e90000 - 0x00000229c1e93000 	C:\Users\pinna\.openjfx\cache\17.0.6\api-ms-win-core-file-l2-1-0.dll
0x00000229c1e20000 - 0x00000229c1e23000 	C:\Users\pinna\.openjfx\cache\17.0.6\api-ms-win-core-handle-l1-1-0.dll
0x00000229c1ea0000 - 0x00000229c1ea3000 	C:\Users\pinna\.openjfx\cache\17.0.6\api-ms-win-core-heap-l1-1-0.dll
0x00000229c1eb0000 - 0x00000229c1eb3000 	C:\Users\pinna\.openjfx\cache\17.0.6\api-ms-win-core-interlocked-l1-1-0.dll
0x00000229c1ec0000 - 0x00000229c1ec3000 	C:\Users\pinna\.openjfx\cache\17.0.6\api-ms-win-core-libraryloader-l1-1-0.dll
0x00000229c1ed0000 - 0x00000229c1ed3000 	C:\Users\pinna\.openjfx\cache\17.0.6\api-ms-win-core-localization-l1-2-0.dll
0x00000229c1ee0000 - 0x00000229c1ee3000 	C:\Users\pinna\.openjfx\cache\17.0.6\api-ms-win-core-memory-l1-1-0.dll
0x00000229c1ef0000 - 0x00000229c1ef3000 	C:\Users\pinna\.openjfx\cache\17.0.6\api-ms-win-core-namedpipe-l1-1-0.dll
0x00000229c1f00000 - 0x00000229c1f03000 	C:\Users\pinna\.openjfx\cache\17.0.6\api-ms-win-core-processenvironment-l1-1-0.dll
0x00000229c1f10000 - 0x00000229c1f13000 	C:\Users\pinna\.openjfx\cache\17.0.6\api-ms-win-core-processthreads-l1-1-0.dll
0x00000229c1f20000 - 0x00000229c1f23000 	C:\Users\pinna\.openjfx\cache\17.0.6\api-ms-win-core-processthreads-l1-1-1.dll
0x00000229c1f30000 - 0x00000229c1f33000 	C:\Users\pinna\.openjfx\cache\17.0.6\api-ms-win-core-profile-l1-1-0.dll
0x00000229c1f40000 - 0x00000229c1f43000 	C:\Users\pinna\.openjfx\cache\17.0.6\api-ms-win-core-rtlsupport-l1-1-0.dll
0x00000229c1f50000 - 0x00000229c1f53000 	C:\Users\pinna\.openjfx\cache\17.0.6\api-ms-win-core-string-l1-1-0.dll
0x00000229c1f60000 - 0x00000229c1f63000 	C:\Users\pinna\.openjfx\cache\17.0.6\api-ms-win-core-synch-l1-1-0.dll
0x00000229c1f70000 - 0x00000229c1f73000 	C:\Users\pinna\.openjfx\cache\17.0.6\api-ms-win-core-synch-l1-2-0.dll
0x00000229c1f80000 - 0x00000229c1f83000 	C:\Users\pinna\.openjfx\cache\17.0.6\api-ms-win-core-sysinfo-l1-1-0.dll
0x00000229c1f90000 - 0x00000229c1f93000 	C:\Users\pinna\.openjfx\cache\17.0.6\api-ms-win-core-timezone-l1-1-0.dll
0x00000229c1fb0000 - 0x00000229c1fb3000 	C:\Users\pinna\.openjfx\cache\17.0.6\api-ms-win-core-util-l1-1-0.dll
0x00000229c1fc0000 - 0x00000229c1fc3000 	C:\Users\pinna\.openjfx\cache\17.0.6\api-ms-win-crt-conio-l1-1-0.dll
0x00000229c1fd0000 - 0x00000229c1fd4000 	C:\Users\pinna\.openjfx\cache\17.0.6\api-ms-win-crt-convert-l1-1-0.dll
0x00000229c1fe0000 - 0x00000229c1fe3000 	C:\Users\pinna\.openjfx\cache\17.0.6\api-ms-win-crt-environment-l1-1-0.dll
0x00000229c1c10000 - 0x00000229c1c13000 	C:\Users\pinna\.openjfx\cache\17.0.6\api-ms-win-crt-filesystem-l1-1-0.dll
0x00000229c1c20000 - 0x00000229c1c23000 	C:\Users\pinna\.openjfx\cache\17.0.6\api-ms-win-crt-heap-l1-1-0.dll
0x00000229c1c30000 - 0x00000229c1c33000 	C:\Users\pinna\.openjfx\cache\17.0.6\api-ms-win-crt-locale-l1-1-0.dll
0x00000229c1c40000 - 0x00000229c1c45000 	C:\Users\pinna\.openjfx\cache\17.0.6\api-ms-win-crt-math-l1-1-0.dll
0x00000229c1c50000 - 0x00000229c1c55000 	C:\Users\pinna\.openjfx\cache\17.0.6\api-ms-win-crt-multibyte-l1-1-0.dll
0x00000229c1c60000 - 0x00000229c1c70000 	C:\Users\pinna\.openjfx\cache\17.0.6\api-ms-win-crt-private-l1-1-0.dll
0x00000229c1c70000 - 0x00000229c1c73000 	C:\Users\pinna\.openjfx\cache\17.0.6\api-ms-win-crt-process-l1-1-0.dll
0x00000229c1c80000 - 0x00000229c1c84000 	C:\Users\pinna\.openjfx\cache\17.0.6\api-ms-win-crt-runtime-l1-1-0.dll
0x00000229c1c90000 - 0x00000229c1c94000 	C:\Users\pinna\.openjfx\cache\17.0.6\api-ms-win-crt-stdio-l1-1-0.dll
0x00000229c1ca0000 - 0x00000229c1ca4000 	C:\Users\pinna\.openjfx\cache\17.0.6\api-ms-win-crt-string-l1-1-0.dll
0x00000229c1cb0000 - 0x00000229c1cb3000 	C:\Users\pinna\.openjfx\cache\17.0.6\api-ms-win-crt-time-l1-1-0.dll
0x00000229c1cc0000 - 0x00000229c1cc3000 	C:\Users\pinna\.openjfx\cache\17.0.6\api-ms-win-crt-utility-l1-1-0.dll
0x00007ffb31420000 - 0x00007ffb3151c000 	C:\Users\pinna\.openjfx\cache\17.0.6\ucrtbase.dll
0x00007ffbaad00000 - 0x00007ffbaad1a000 	C:\Users\pinna\.openjfx\cache\17.0.6\vcruntime140.dll
0x00007ffbaef80000 - 0x00007ffbaef8c000 	C:\Users\pinna\.openjfx\cache\17.0.6\vcruntime140_1.dll
0x00007ffb31390000 - 0x00007ffb3141d000 	C:\Users\pinna\.openjfx\cache\17.0.6\msvcp140.dll
0x00007ffbacb60000 - 0x00007ffbacb69000 	C:\Users\pinna\.openjfx\cache\17.0.6\msvcp140_1.dll
0x00007ffb51420000 - 0x00007ffb5144f000 	C:\Users\pinna\.openjfx\cache\17.0.6\msvcp140_2.dll
0x00007ffb4ed70000 - 0x00007ffb4ed9a000 	C:\Users\pinna\.openjfx\cache\17.0.6\prism_d3d.dll
0x00007ffb956f0000 - 0x00007ffb958c1000 	C:\Windows\system32\d3d9.dll
0x00007ffbde660000 - 0x00007ffbde68f000 	C:\Windows\SYSTEM32\dwmapi.dll
0x00007ffbde470000 - 0x00007ffbde50e000 	C:\Windows\system32\uxtheme.dll
0x00007ffbaef90000 - 0x00007ffbaefb0000 	C:\Windows\System32\DriverStore\FileRepository\u0416003.inf_amd64_706cc64a85ddf686\B415817\atidx9loader64.dll
0x00007ffb8d670000 - 0x00007ffb8fd8b000 	C:\Windows\System32\DriverStore\FileRepository\u0416003.inf_amd64_706cc64a85ddf686\B415817\AMDXN64.DLL
0x00007ffbe1d60000 - 0x00007ffbe21d0000 	C:\Windows\System32\SETUPAPI.dll
0x00007ffbe1300000 - 0x00007ffbe134e000 	C:\Windows\System32\cfgmgr32.dll
0x00007ffbdf7b0000 - 0x00007ffbdf8a6000 	C:\Windows\SYSTEM32\dxgi.dll
0x00007ffbc3640000 - 0x00007ffbc367c000 	C:\Windows\System32\DriverStore\FileRepository\u0416003.inf_amd64_706cc64a85ddf686\B415817\amdihk64.dll
0x00007ffb31340000 - 0x00007ffb31382000 	C:\Users\pinna\.openjfx\cache\17.0.6\glass.dll
0x00007ffbe3460000 - 0x00007ffbe353a000 	C:\Windows\System32\COMDLG32.dll
0x00007ffbe2ff0000 - 0x00007ffbe3105000 	C:\Windows\System32\MSCTF.dll
0x00007ffbc9460000 - 0x00007ffbc949b000 	C:\Windows\SYSTEM32\dxcore.dll
0x00007ffb75830000 - 0x00007ffb75844000 	C:\Users\pinna\.openjfx\cache\17.0.6\javafx_font.dll
0x00007ffbd2070000 - 0x00007ffbd22ef000 	C:\Windows\SYSTEM32\dwrite.dll
0x00007ffbe0830000 - 0x00007ffbe0848000 	C:\Windows\SYSTEM32\CRYPTSP.dll
0x00007ffbdff00000 - 0x00007ffbdff38000 	C:\Windows\system32\rsaenh.dll
0x00007ffbe0e10000 - 0x00007ffbe0e3e000 	C:\Windows\SYSTEM32\USERENV.dll
0x00007ffbe0850000 - 0x00007ffbe085c000 	C:\Windows\SYSTEM32\CRYPTBASE.dll
0x00007ffbe2380000 - 0x00007ffbe2388000 	C:\Windows\System32\NSI.dll
0x00007ffbe18b0000 - 0x00007ffbe1959000 	C:\Windows\System32\clbcatq.dll
0x00007ffbde260000 - 0x00007ffbde414000 	C:\Windows\SYSTEM32\WindowsCodecs.dll
0x00007ffbcdec0000 - 0x00007ffbcdefe000 	C:\Windows\system32\dataexchange.dll
0x00007ffbd76e0000 - 0x00007ffbd78c4000 	C:\Windows\system32\dcomp.dll
0x00007ffbd6eb0000 - 0x00007ffbd7114000 	C:\Windows\system32\d3d11.dll
0x00007ffbd9c80000 - 0x00007ffbd9e83000 	C:\Windows\system32\twinapi.appcore.dll
0x00007ffb4eda0000 - 0x00007ffb4edd4000 	C:\Program Files\Common Files\Microsoft Shared\Ink\rtscom.dll
0x00007ffbda650000 - 0x00007ffbda749000 	C:\Windows\SYSTEM32\textinputframework.dll

JVMTI agents:
jdwp path:C:\Users\pinna\.jdks\openjdk-24.0.1\bin\jdwp.dll, loaded, initialized, options:transport=dt_socket,address=127.0.0.1:56165,suspend=y,server=n
C:\Users\pinna\AppData\Local\JetBrains\IntelliJIdea2025.1\captureAgent\debugger-agent.jar path:C:\Users\pinna\.jdks\openjdk-24.0.1\bin\instrument.dll, loaded, initialized, instrumentlib options:file:///C:/Users/pinna/AppData/Local/Temp/capture16221514851877143813.props
C:\Users\pinna\AppData\Local\Temp\idea_libasyncProfiler_dll_temp_folder3007\libasyncProfiler.dll path:C:\Users\pinna\AppData\Local\Temp\idea_libasyncProfiler_dll_temp_folder3007\libasyncProfiler.dll, loaded, initialized, options:version,jfr,event=wall,interval=10ms,cstack=no,file=C:\Users\pinna\IdeaSnapshots\main_2025_06_23_165912.jfr,dbghelppath=C:\Users\pinna\AppData\Local\Temp\idea_dbghelp_dll_temp_folder\dbghelp.dll,log=C:\Users\pinna\AppData\Local\Temp\main_2025_06_23_165912.jfr.log.txt,logLevel=DEBUG

dbghelp: loaded successfully - version: 4.0.5 - missing functions: none
symbol engine: initialized successfully - sym options: 0x614 - pdb path: .;C:\Users\pinna\.jdks\openjdk-24.0.1\bin;C:\Windows\SYSTEM32;C:\Windows\WinSxS\amd64_microsoft.windows.common-controls_6595b64144ccf1df_6.0.19041.5915_none_60b4b9d171f9c7c7;C:\Users\pinna\.jdks\openjdk-24.0.1\bin\server;C:\Users\pinna\AppData\Local\Temp\idea_libasyncProfiler_dll_temp_folder3007;C:\Users\pinna\.openjfx\cache\17.0.6;C:\Windows\System32\DriverStore\FileRepository\u0416003.inf_amd64_706cc64a85ddf686\B415817;C:\Program Files\Common Files\Microsoft Shared\Ink;C:\Users\pinna\AppData\Local\Temp

VM Arguments:
jvm_args: -agentlib:jdwp=transport=dt_socket,address=127.0.0.1:56165,suspend=y,server=n -javaagent:C:\Users\pinna\AppData\Local\JetBrains\IntelliJIdea2025.1\captureAgent\debugger-agent.jar=file:///C:/Users/pinna/AppData/Local/Temp/capture16221514851877143813.props -agentpath:C:\Users\pinna\AppData\Local\Temp\idea_libasyncProfiler_dll_temp_folder3007\libasyncProfiler.dll=version,jfr,event=wall,interval=10ms,cstack=no,file=C:\Users\pinna\IdeaSnapshots\main_2025_06_23_165912.jfr,dbghelppath=C:\Users\pinna\AppData\Local\Temp\idea_dbghelp_dll_temp_folder\dbghelp.dll,log=C:\Users\pinna\AppData\Local\Temp\main_2025_06_23_165912.jfr.log.txt,logLevel=DEBUG -Dkotlinx.coroutines.debug.enable.creation.stack.trace=false -Ddebugger.agent.enable.coroutines=true -Dkotlinx.coroutines.debug.enable.flows.stack.trace=true -Dkotlinx.coroutines.debug.enable.mutable.state.flows.stack.trace=true -Dfile.encoding=UTF-8 -Dsun.stdout.encoding=UTF-8 -Dsun.stderr.encoding=UTF-8 --module-path=C:\Users\pinna\.m2\repository\org\openjfx\javafx-graphics\17.0.6\javafx-graphics-17.0.6-win.jar;C:\Users\pinna\.m2\repository\org\openjfx\javafx-controls\17.0.6\javafx-controls-17.0.6-win.jar;C:\Users\pinna\.m2\repository\org\openjfx\javafx-web\17.0.6\javafx-web-17.0.6-win.jar;C:\Users\pinna\.m2\repository\org\openjfx\javafx-base\17.0.6\javafx-base-17.0.6-win.jar;C:\Users\pinna\.m2\repository\org\slf4j\slf4j-api\1.7.36\slf4j-api-1.7.36.jar;C:\Users\pinna\.m2\repository\org\xerial\sqlite-jdbc\3.45.1.0\sqlite-jdbc-3.45.1.0.jar;C:\Users\pinna\.m2\repository\org\openjfx\javafx-media\17.0.6\javafx-media-17.0.6-win.jar;C:\Users\pinna\Documents\ProgettoIngegneria\ProgettoIngegneria\JavFX_Scene\target\classes;C:\Users\pinna\.m2\repository\org\openjfx\javafx-fxml\17.0.6\javafx-fxml-17.0.6-win.jar -Djdk.module.main=com.univr.javfx_scene 
java_command: com.univr.javfx_scene/com.univr.javfx_scene.PaginaAvvio --module-path C:\Users\pinna\Documents\javafx-sdk-24.0.1\lib --add-modules javafx.controls,javafx.media -Djava.library.path=C:\Users\pinna\Documents\javafx-sdk-24.0.1\bin
java_class_path (initial): C:\Users\pinna\.m2\repository\org\openjfx\javafx-controls\17.0.6\javafx-controls-17.0.6.jar;C:\Users\pinna\.m2\repository\org\openjfx\javafx-graphics\17.0.6\javafx-graphics-17.0.6.jar;C:\Users\pinna\.m2\repository\org\openjfx\javafx-base\17.0.6\javafx-base-17.0.6.jar;C:\Users\pinna\.m2\repository\org\openjfx\javafx-fxml\17.0.6\javafx-fxml-17.0.6.jar;C:\Users\pinna\.m2\repository\org\openjfx\javafx-media\17.0.6\javafx-media-17.0.6.jar;C:\Users\pinna\.m2\repository\org\openjfx\javafx-web\17.0.6\javafx-web-17.0.6.jar;C:\Program Files\JetBrains\IntelliJ IDEA 2025.1\lib\idea_rt.jar
Launcher Type: SUN_STANDARD

[Global flags]
     intx CICompilerCount                          = 4                                         {product} {ergonomic}
     uint ConcGCThreads                            = 3                                         {product} {ergonomic}
     uint G1ConcRefinementThreads                  = 10                                        {product} {ergonomic}
   size_t G1HeapRegionSize                         = 2097152                                   {product} {ergonomic}
   size_t InitialHeapSize                          = 268435456                                 {product} {ergonomic}
   size_t MarkStackSize                            = 4194304                                   {product} {ergonomic}
   size_t MarkStackSizeMax                         = 536870912                                 {product} {ergonomic}
   size_t MaxHeapSize                              = 4278190080                                {product} {ergonomic}
   size_t MaxNewSize                               = 2566914048                                {product} {ergonomic}
   size_t MinHeapDeltaBytes                        = 2097152                                   {product} {ergonomic}
   size_t MinHeapSize                              = 8388608                                   {product} {ergonomic}
    uintx NonNMethodCodeHeapSize                   = 5832704                                {pd product} {ergonomic}
    uintx NonProfiledCodeHeapSize                  = 122945536                              {pd product} {ergonomic}
    uintx ProfiledCodeHeapSize                     = 122880000                              {pd product} {ergonomic}
    uintx ReservedCodeCacheSize                    = 251658240                              {pd product} {ergonomic}
     bool SegmentedCodeCache                       = true                                      {product} {ergonomic}
   size_t SoftMaxHeapSize                          = 4278190080                             {manageable} {ergonomic}
     bool UseCompressedOops                        = true                           {product lp64_product} {ergonomic}
     bool UseG1GC                                  = true                                      {product} {ergonomic}
     bool UseLargePagesIndividualAllocation        = false                                  {pd product} {ergonomic}

Logging:
Log output configuration:
 #0: stdout all=warning uptime,level,tags foldmultilines=false
 #1: stderr all=off uptime,level,tags foldmultilines=false

Environment Variables:
PATH=C:\Program Files (x86)\Common Files\Oracle\Java\java8path;C:\Program Files (x86)\Common Files\Oracle\Java\javapath;C:\Windows\system32;C:\Windows;C:\Windows\System32\Wbem;C:\Windows\System32\WindowsPowerShell\v1.0\;C:\Windows\System32\OpenSSH\;C:\Program Files\Git\cmd;C:\Users\pinna\AppData\Local\Microsoft\WindowsApps;C:\Users\pinna\AppData\Local\GitHubDesktop\bin
USERNAME=pinna
OS=Windows_NT
PROCESSOR_IDENTIFIER=AMD64 Family 23 Model 8 Stepping 2, AuthenticAMD
TMP=C:\Users\pinna\AppData\Local\Temp
TEMP=C:\Users\pinna\AppData\Local\Temp




Periodic native trim disabled

---------------  S Y S T E M  ---------------

OS:
 Windows 10 , 64 bit Build 19041 (10.0.19041.5915)
OS uptime: 3 days 0:18 hours

CPU: total 12 (initial active 12) (12 cores per cpu, 2 threads per core) family 23 model 8 stepping 2 microcode 0x0, cx8, cmov, fxsr, ht, mmx, 3dnowpref, sse, sse2, sse3, ssse3, sse4a, sse4.1, sse4.2, popcnt, lzcnt, tsc, tscinvbit, avx, avx2, aes, clmul, bmi1, bmi2, adx, sha, fma, vzeroupper, clflush, clflushopt, rdtscp, f16c
Processor Information for the first 12 processors :
  Max Mhz: 3600, Current Mhz: 3600, Mhz Limit: 3600

Memory: 4k page, system-wide physical 16315M (6041M free)
TotalPageFile size 21691M (AvailPageFile size 5930M)
current process WorkingSet (physical memory assigned to process): 300M, peak: 331M
current process commit charge ("private bytes"): 455M, peak: 529M

vm_info: OpenJDK 64-Bit Server VM (24.0.1+9-30) for windows-amd64 JRE (24.0.1+9-30), built on 2025-03-05T07:23:45Z with MS VC++ 17.6 (VS2022)

END.
